<?xml version="1.0" ?>
<!DOCTYPE coverage SYSTEM "http://cobertura.sourceforge.net/xml/coverage-04.dtd">
<coverage lines-valid="34" lines-covered="14" line-rate="0.4117" branches-valid="4" branches-covered="3" branch-rate="0.75" timestamp="1771779424703" complexity="0" version="0.1">
  <sources>
    <source>/Users/zakharden/test-app/ui</source>
  </sources>
  <packages>
    <package name="main" line-rate="0.4117" branch-rate="0.75">
      <classes>
        <class name="api.js" filename="src/api.js" line-rate="1" branch-rate="1">
          <methods>
            <method name="formatPayload" hits="1" signature="()V">
              <lines>
                <line number="1" hits="1"/>
              </lines>
            </method>
            <method name="fetchHello" hits="2" signature="()V">
              <lines>
                <line number="5" hits="2"/>
              </lines>
            </method>
          </methods>
          <lines>
            <line number="1" hits="1" branch="true" condition-coverage="100% (1/1)"/>
            <line number="2" hits="1" branch="false"/>
            <line number="3" hits="1" branch="false"/>
            <line number="5" hits="1" branch="true" condition-coverage="100% (1/1)"/>
            <line number="6" hits="2" branch="false"/>
            <line number="7" hits="2" branch="false"/>
            <line number="8" hits="2" branch="false"/>
            <line number="9" hits="2" branch="false"/>
            <line number="10" hits="2" branch="false"/>
            <line number="12" hits="2" branch="true" condition-coverage="100% (1/1)"/>
            <line number="13" hits="1" branch="false"/>
            <line number="14" hits="1" branch="false"/>
            <line number="16" hits="1" branch="false"/>
            <line number="17" hits="1" branch="false"/>
          </lines>
        </class>
        <class name="main.js" filename="src/main.js" line-rate="0" branch-rate="0">
          <methods>
            <method name="(empty-report)" hits="0" signature="()V">
              <lines>
                <line number="1" hits="0"/>
              </lines>
            </method>
          </methods>
          <lines>
            <line number="1" hits="0" branch="true" condition-coverage="0% (0/1)"/>
            <line number="4" hits="0" branch="false"/>
            <line number="5" hits="0" branch="false"/>
            <line number="7" hits="0" branch="false"/>
            <line number="8" hits="0" branch="false"/>
            <line number="9" hits="0" branch="false"/>
            <line number="10" hits="0" branch="false"/>
            <line number="12" hits="0" branch="false"/>
            <line number="14" hits="0" branch="false"/>
            <line number="15" hits="0" branch="false"/>
            <line number="16" hits="0" branch="false"/>
            <line number="17" hits="0" branch="false"/>
            <line number="18" hits="0" branch="false"/>
            <line number="19" hits="0" branch="false"/>
            <line number="20" hits="0" branch="false"/>
            <line number="22" hits="0" branch="false"/>
            <line number="23" hits="0" branch="false"/>
            <line number="24" hits="0" branch="false"/>
            <line number="25" hits="0" branch="false"/>
            <line number="26" hits="0" branch="false"/>
          </lines>
        </class>
      </classes>
    </package>
  </packages>
</coverage>
